  [OK] Путь до автотеста - C:\jobs\Goodline\task3\task_3_part_one.py
  [OK] Наименование сценария - Задание 3 часть первая
  [OK] -------НАЧАЛО СКРИПТА-------
  [OK] 1. Открытие браузера
  [OK] 2. Переход на главную страницу
  [OK] 3. Заполнение пункта отправления - Кемерово
  [OK] 4. Заполнение пункта прибытия - Москва
  [OK] 5. Заполнение даты отправки - 07.09.2019
  [OK] 6. Нажатие кнопки - Найти 
  [OK] 7. Переход на страницу рейсов-проверка названия рейса
  [OK] 8. Проверка, что у направления есть время в пути
  [OK] Время рейса 1  отображается корректно
  [OK] Время рейса 2  отображается корректно
  [OK] Время рейса 3  отображается корректно
  [OK] Время рейса 4  отображается корректно
  [OK] Время рейса 5  отображается корректно
  [OK] Время рейса 6  отображается корректно
  [OK] Время рейса 7  отображается корректно
  [OK] Время рейса 8  отображается корректно
  [OK] _______________________________
  [OK] 9. Проверка, что у всех рейсов есть иконка транспорта.
  [OK] Иконка рейса 1  отображается корректно
  [OK] Иконка рейса 2  отображается корректно
  [OK] Иконка рейса 3  отображается корректно
  [OK] Иконка рейса 4  отображается корректно
  [OK] Иконка рейса 5  отображается корректно
  [OK] Иконка рейса 6  отображается корректно
  [OK] Иконка рейса 7  отображается корректно
  [OK] Иконка рейса 8  отображается корректно
  [OK] _______________________________
  [OK] 10. Проверка, что рейсов отображается - 8
  [OK] Рейс: 1 отображается
  [OK] Рейс: 2 отображается
  [OK] Рейс: 3 отображается
  [OK] Рейс: 4 отображается
  [OK] Рейс: 5 отображается
  [OK] Рейс: 6 отображается
  [OK] Рейс: 7 отображается
  [OK] Рейс: 8 отображается
  [OK] 11. Закрытие браузера
  [OK] -------КОНЕЦ СКРИПТА-------
  [PASSED] Время выполнения скрипта - 32 секунд
